<?xml version="1.0" encoding="UTF-8"?>
<testsuite name="Tests" tests="1" skipped="0" failures="0" errors="0" timestamp="2022-02-07T06:02:14" hostname="ewcia-inspiron-5570" time="0.056">
  <properties/>
  <testcase name="singleAssertion()" classname="Tests" time="0.056"/>
  <system-out><![CDATA[This test method should be run
]]></system-out>
  <system-err><![CDATA[]]></system-err>
</testsuite>
